<?xml version="1.0" encoding="UTF-8"?>
<!-- Generated by org.testng.reporters.JUnitXMLReporter -->
<testsuite hostname="admins-MacBook-Pro-2.local" ignored="0" name="Test" tests="1" failures="0" timestamp="26 Jun 2018 10:10:22 GMT" time="33.077" errors="0">
  <testcase name="@BeforeMethod initializeObject" time="1.95" classname="com.ge.fsa.tests.SampleTest">
    <failure type="org.json.JSONException" message="A JSONObject text must begin with &amp;apos;{&amp;apos; at 0 [character 1 line 1]">
      <![CDATA[org.json.JSONException: A JSONObject text must begin with '{' at 0 [character 1 line 1]
at org.json.JSONTokener.syntaxError(JSONTokener.java:505)
at org.json.JSONObject.<init>(JSONObject.java:214)
at org.json.JSONObject.<init>(JSONObject.java:357)
at com.ge.fsa.lib.RestServices.getAccessToken(RestServices.java:65)
at com.ge.fsa.tests.SampleTest.initializeObject(SampleTest.java:31)
... Removed 31 stack frames]]>
    </failure>
  </testcase> <!-- @BeforeMethod initializeObject -->
  <testcase name="toTest" time="0.0" classname="com.ge.fsa.tests.SampleTest">
    <skipped/>
  </testcase> <!-- toTest -->
</testsuite> <!-- Test -->
