-------------------------------------------------------------------------------
Test set: TestSuite
-------------------------------------------------------------------------------
Tests run: 2, Failures: 1, Errors: 0, Skipped: 1, Time elapsed: 33.395 sec <<< FAILURE! - in TestSuite
initializeObject(com.ge.fsa.tests.SampleTest)  Time elapsed: 33.303 sec  <<< FAILURE!
org.json.JSONException: A JSONObject text must begin with '{' at 0 [character 1 line 1]
	at com.ge.fsa.tests.SampleTest.initializeObject(SampleTest.java:31)

